/home/tanmay/industrial_robot_ws/install/Industrial_description/lib/python3.10/site-packages/Industrial_description/__init__.py
/home/tanmay/industrial_robot_ws/install/Industrial_description/lib/python3.10/site-packages/Industrial_description/__pycache__/__init__.cpython-310.pyc
/home/tanmay/industrial_robot_ws/install/Industrial_description/share/ament_index/resource_index/packages/Industrial_description
/home/tanmay/industrial_robot_ws/install/Industrial_description/share/Industrial_description/package.xml
/home/tanmay/industrial_robot_ws/install/Industrial_description/share/Industrial_description/launch/gazebo.launch.py
/home/tanmay/industrial_robot_ws/install/Industrial_description/share/Industrial_description/launch/display.launch.py
/home/tanmay/industrial_robot_ws/install/Industrial_description/share/Industrial_description/urdf/Industrial.gazebo
/home/tanmay/industrial_robot_ws/install/Industrial_description/share/Industrial_description/urdf/materials.xacro
/home/tanmay/industrial_robot_ws/install/Industrial_description/share/Industrial_description/urdf/Industrial.xacro
/home/tanmay/industrial_robot_ws/install/Industrial_description/share/Industrial_description/urdf/Industrial.trans
/home/tanmay/industrial_robot_ws/install/Industrial_description/share/Industrial_description/meshes/Jaw_7_copy_1.stl
/home/tanmay/industrial_robot_ws/install/Industrial_description/share/Industrial_description/meshes/Jaw_6_1.stl
/home/tanmay/industrial_robot_ws/install/Industrial_description/share/Industrial_description/meshes/Jaw_5_1.stl
/home/tanmay/industrial_robot_ws/install/Industrial_description/share/Industrial_description/meshes/Jaw_7_copy_2.stl
/home/tanmay/industrial_robot_ws/install/Industrial_description/share/Industrial_description/meshes/base_link.stl
/home/tanmay/industrial_robot_ws/install/Industrial_description/share/Industrial_description/meshes/Jaw_4_1.stl
/home/tanmay/industrial_robot_ws/install/Industrial_description/share/Industrial_description/meshes/Jaw_2_1.stl
/home/tanmay/industrial_robot_ws/install/Industrial_description/share/Industrial_description/meshes/Jaw_1_1.stl
/home/tanmay/industrial_robot_ws/install/Industrial_description/share/Industrial_description/meshes/Jaw_3_1.stl
/home/tanmay/industrial_robot_ws/install/Industrial_description/share/Industrial_description/config/display.rviz
/home/tanmay/industrial_robot_ws/install/Industrial_description/lib/python3.10/site-packages/Industrial_description-0.0.0-py3.10.egg-info/zip-safe
/home/tanmay/industrial_robot_ws/install/Industrial_description/lib/python3.10/site-packages/Industrial_description-0.0.0-py3.10.egg-info/dependency_links.txt
/home/tanmay/industrial_robot_ws/install/Industrial_description/lib/python3.10/site-packages/Industrial_description-0.0.0-py3.10.egg-info/entry_points.txt
/home/tanmay/industrial_robot_ws/install/Industrial_description/lib/python3.10/site-packages/Industrial_description-0.0.0-py3.10.egg-info/SOURCES.txt
/home/tanmay/industrial_robot_ws/install/Industrial_description/lib/python3.10/site-packages/Industrial_description-0.0.0-py3.10.egg-info/PKG-INFO
/home/tanmay/industrial_robot_ws/install/Industrial_description/lib/python3.10/site-packages/Industrial_description-0.0.0-py3.10.egg-info/requires.txt
/home/tanmay/industrial_robot_ws/install/Industrial_description/lib/python3.10/site-packages/Industrial_description-0.0.0-py3.10.egg-info/top_level.txt
