[0.072s] DEBUG:colcon:Command line arguments: ['/usr/bin/colcon', 'build']
[0.072s] DEBUG:colcon:Parsed command line arguments: Namespace(log_base=None, log_level=None, verb_name='build', build_base='build', install_base='install', merge_install=False, symlink_install=False, test_result_base=None, continue_on_error=False, executor='parallel', parallel_workers=12, event_handlers=None, ignore_user_meta=False, metas=['./colcon.meta'], base_paths=['.'], packages_ignore=None, packages_ignore_regex=None, paths=None, packages_up_to=None, packages_up_to_regex=None, packages_above=None, packages_above_and_dependencies=None, packages_above_depth=None, packages_select_by_dep=None, packages_skip_by_dep=None, packages_skip_up_to=None, packages_select_build_failed=False, packages_skip_build_finished=False, packages_select_test_failures=False, packages_skip_test_passed=False, packages_select=None, packages_skip=None, packages_select_regex=None, packages_skip_regex=None, packages_start=None, packages_end=None, allow_overriding=[], cmake_args=None, cmake_target=None, cmake_target_skip_unavailable=False, cmake_clean_cache=False, cmake_clean_first=False, cmake_force_configure=False, ament_cmake_args=None, catkin_cmake_args=None, catkin_skip_building_tests=False, mixin_files=None, mixin=None, verb_parser=<colcon_mixin.mixin.mixin_argument.MixinArgumentDecorator object at 0x705008dffc70>, verb_extension=<colcon_core.verb.build.BuildVerb object at 0x705008f60430>, main=<bound method BuildVerb.main of <colcon_core.verb.build.BuildVerb object at 0x705008f60430>>, mixin_verb=('build',))
[0.179s] Level 1:colcon.colcon_core.package_discovery:discover_packages(colcon_meta) check parameters
[0.179s] Level 1:colcon.colcon_core.package_discovery:discover_packages(recursive) check parameters
[0.179s] Level 1:colcon.colcon_core.package_discovery:discover_packages(ignore) check parameters
[0.179s] Level 1:colcon.colcon_core.package_discovery:discover_packages(path) check parameters
[0.179s] Level 1:colcon.colcon_core.package_discovery:discover_packages(colcon_meta) discover
[0.180s] Level 1:colcon.colcon_core.package_discovery:discover_packages(recursive) discover
[0.180s] INFO:colcon.colcon_core.package_discovery:Crawling recursively for packages in '/home/tanmay/industrial_robot_ws'
[0.180s] Level 1:colcon.colcon_core.package_identification:_identify(.) by extensions ['ignore', 'ignore_ament_install']
[0.180s] Level 1:colcon.colcon_core.package_identification:_identify(.) by extension 'ignore'
[0.180s] Level 1:colcon.colcon_core.package_identification:_identify(.) by extension 'ignore_ament_install'
[0.180s] Level 1:colcon.colcon_core.package_identification:_identify(.) by extensions ['colcon_pkg']
[0.180s] Level 1:colcon.colcon_core.package_identification:_identify(.) by extension 'colcon_pkg'
[0.180s] Level 1:colcon.colcon_core.package_identification:_identify(.) by extensions ['colcon_meta']
[0.180s] Level 1:colcon.colcon_core.package_identification:_identify(.) by extension 'colcon_meta'
[0.180s] Level 1:colcon.colcon_core.package_identification:_identify(.) by extensions ['ros']
[0.180s] Level 1:colcon.colcon_core.package_identification:_identify(.) by extension 'ros'
[0.187s] Level 1:colcon.colcon_core.package_identification:_identify(.) by extensions ['cmake', 'python']
[0.187s] Level 1:colcon.colcon_core.package_identification:_identify(.) by extension 'cmake'
[0.187s] Level 1:colcon.colcon_core.package_identification:_identify(.) by extension 'python'
[0.187s] Level 1:colcon.colcon_core.package_identification:_identify(.) by extensions ['python_setup_py']
[0.187s] Level 1:colcon.colcon_core.package_identification:_identify(.) by extension 'python_setup_py'
[0.187s] Level 1:colcon.colcon_core.package_identification:_identify(build) by extensions ['ignore', 'ignore_ament_install']
[0.187s] Level 1:colcon.colcon_core.package_identification:_identify(build) by extension 'ignore'
[0.187s] Level 1:colcon.colcon_core.package_identification:_identify(build) ignored
[0.187s] Level 1:colcon.colcon_core.package_identification:_identify(install) by extensions ['ignore', 'ignore_ament_install']
[0.187s] Level 1:colcon.colcon_core.package_identification:_identify(install) by extension 'ignore'
[0.187s] Level 1:colcon.colcon_core.package_identification:_identify(install) ignored
[0.187s] Level 1:colcon.colcon_core.package_identification:_identify(log) by extensions ['ignore', 'ignore_ament_install']
[0.187s] Level 1:colcon.colcon_core.package_identification:_identify(log) by extension 'ignore'
[0.187s] Level 1:colcon.colcon_core.package_identification:_identify(log) ignored
[0.187s] Level 1:colcon.colcon_core.package_identification:_identify(src) by extensions ['ignore', 'ignore_ament_install']
[0.187s] Level 1:colcon.colcon_core.package_identification:_identify(src) by extension 'ignore'
[0.187s] Level 1:colcon.colcon_core.package_identification:_identify(src) by extension 'ignore_ament_install'
[0.187s] Level 1:colcon.colcon_core.package_identification:_identify(src) by extensions ['colcon_pkg']
[0.187s] Level 1:colcon.colcon_core.package_identification:_identify(src) by extension 'colcon_pkg'
[0.187s] Level 1:colcon.colcon_core.package_identification:_identify(src) by extensions ['colcon_meta']
[0.188s] Level 1:colcon.colcon_core.package_identification:_identify(src) by extension 'colcon_meta'
[0.188s] Level 1:colcon.colcon_core.package_identification:_identify(src) by extensions ['ros']
[0.188s] Level 1:colcon.colcon_core.package_identification:_identify(src) by extension 'ros'
[0.188s] Level 1:colcon.colcon_core.package_identification:_identify(src) by extensions ['cmake', 'python']
[0.188s] Level 1:colcon.colcon_core.package_identification:_identify(src) by extension 'cmake'
[0.188s] Level 1:colcon.colcon_core.package_identification:_identify(src) by extension 'python'
[0.188s] Level 1:colcon.colcon_core.package_identification:_identify(src) by extensions ['python_setup_py']
[0.188s] Level 1:colcon.colcon_core.package_identification:_identify(src) by extension 'python_setup_py'
[0.188s] Level 1:colcon.colcon_core.package_identification:_identify(src/Industrial_description) by extensions ['ignore', 'ignore_ament_install']
[0.188s] Level 1:colcon.colcon_core.package_identification:_identify(src/Industrial_description) by extension 'ignore'
[0.188s] Level 1:colcon.colcon_core.package_identification:_identify(src/Industrial_description) by extension 'ignore_ament_install'
[0.188s] Level 1:colcon.colcon_core.package_identification:_identify(src/Industrial_description) by extensions ['colcon_pkg']
[0.188s] Level 1:colcon.colcon_core.package_identification:_identify(src/Industrial_description) by extension 'colcon_pkg'
[0.188s] Level 1:colcon.colcon_core.package_identification:_identify(src/Industrial_description) by extensions ['colcon_meta']
[0.188s] Level 1:colcon.colcon_core.package_identification:_identify(src/Industrial_description) by extension 'colcon_meta'
[0.188s] Level 1:colcon.colcon_core.package_identification:_identify(src/Industrial_description) by extensions ['ros']
[0.188s] Level 1:colcon.colcon_core.package_identification:_identify(src/Industrial_description) by extension 'ros'
[0.190s] DEBUG:colcon.colcon_core.package_identification:Package 'src/Industrial_description' with type 'ros.ament_python' and name 'Industrial_description'
[0.190s] Level 1:colcon.colcon_core.package_identification:_identify(src/robot_config) by extensions ['ignore', 'ignore_ament_install']
[0.190s] Level 1:colcon.colcon_core.package_identification:_identify(src/robot_config) by extension 'ignore'
[0.190s] Level 1:colcon.colcon_core.package_identification:_identify(src/robot_config) by extension 'ignore_ament_install'
[0.190s] Level 1:colcon.colcon_core.package_identification:_identify(src/robot_config) by extensions ['colcon_pkg']
[0.190s] Level 1:colcon.colcon_core.package_identification:_identify(src/robot_config) by extension 'colcon_pkg'
[0.190s] Level 1:colcon.colcon_core.package_identification:_identify(src/robot_config) by extensions ['colcon_meta']
[0.190s] Level 1:colcon.colcon_core.package_identification:_identify(src/robot_config) by extension 'colcon_meta'
[0.190s] Level 1:colcon.colcon_core.package_identification:_identify(src/robot_config) by extensions ['ros']
[0.190s] Level 1:colcon.colcon_core.package_identification:_identify(src/robot_config) by extension 'ros'
[0.190s] DEBUG:colcon.colcon_core.package_identification:Package 'src/robot_config' with type 'ros.ament_cmake' and name 'robot_config'
[0.190s] Level 1:colcon.colcon_core.package_identification:_identify(src/robot_control) by extensions ['ignore', 'ignore_ament_install']
[0.191s] Level 1:colcon.colcon_core.package_identification:_identify(src/robot_control) by extension 'ignore'
[0.191s] Level 1:colcon.colcon_core.package_identification:_identify(src/robot_control) by extension 'ignore_ament_install'
[0.191s] Level 1:colcon.colcon_core.package_identification:_identify(src/robot_control) by extensions ['colcon_pkg']
[0.191s] Level 1:colcon.colcon_core.package_identification:_identify(src/robot_control) by extension 'colcon_pkg'
[0.191s] Level 1:colcon.colcon_core.package_identification:_identify(src/robot_control) by extensions ['colcon_meta']
[0.191s] Level 1:colcon.colcon_core.package_identification:_identify(src/robot_control) by extension 'colcon_meta'
[0.191s] Level 1:colcon.colcon_core.package_identification:_identify(src/robot_control) by extensions ['ros']
[0.191s] Level 1:colcon.colcon_core.package_identification:_identify(src/robot_control) by extension 'ros'
[0.191s] DEBUG:colcon.colcon_core.package_identification:Package 'src/robot_control' with type 'ros.ament_python' and name 'robot_control'
[0.191s] Level 1:colcon.colcon_core.package_discovery:discover_packages(recursive) using defaults
[0.191s] Level 1:colcon.colcon_core.package_discovery:discover_packages(ignore) discover
[0.191s] Level 1:colcon.colcon_core.package_discovery:discover_packages(ignore) using defaults
[0.191s] Level 1:colcon.colcon_core.package_discovery:discover_packages(path) discover
[0.191s] Level 1:colcon.colcon_core.package_discovery:discover_packages(path) using defaults
[0.213s] Level 1:colcon.colcon_core.package_discovery:discover_packages(prefix_path) check parameters
[0.213s] Level 1:colcon.colcon_core.package_discovery:discover_packages(prefix_path) discover
[0.214s] DEBUG:colcon.colcon_installed_package_information.package_discovery:Found 3 installed packages in /home/tanmay/industrial_robot_ws/install
[0.214s] DEBUG:colcon.colcon_installed_package_information.package_discovery:Found 4 installed packages in /home/tanmay/telenex_robotics_assignments/install
[0.215s] DEBUG:colcon.colcon_installed_package_information.package_discovery:Found 10 installed packages in /home/tanmay/colcon_ws/install
[0.216s] DEBUG:colcon.colcon_installed_package_information.package_discovery:Found 459 installed packages in /opt/ros/humble
[0.217s] Level 1:colcon.colcon_core.package_discovery:discover_packages(prefix_path) using defaults
[0.253s] Level 5:colcon.colcon_core.verb:set package 'Industrial_description' build argument 'cmake_args' from command line to 'None'
[0.253s] Level 5:colcon.colcon_core.verb:set package 'Industrial_description' build argument 'cmake_target' from command line to 'None'
[0.253s] Level 5:colcon.colcon_core.verb:set package 'Industrial_description' build argument 'cmake_target_skip_unavailable' from command line to 'False'
[0.253s] Level 5:colcon.colcon_core.verb:set package 'Industrial_description' build argument 'cmake_clean_cache' from command line to 'False'
[0.253s] Level 5:colcon.colcon_core.verb:set package 'Industrial_description' build argument 'cmake_clean_first' from command line to 'False'
[0.253s] Level 5:colcon.colcon_core.verb:set package 'Industrial_description' build argument 'cmake_force_configure' from command line to 'False'
[0.253s] Level 5:colcon.colcon_core.verb:set package 'Industrial_description' build argument 'ament_cmake_args' from command line to 'None'
[0.253s] Level 5:colcon.colcon_core.verb:set package 'Industrial_description' build argument 'catkin_cmake_args' from command line to 'None'
[0.253s] Level 5:colcon.colcon_core.verb:set package 'Industrial_description' build argument 'catkin_skip_building_tests' from command line to 'False'
[0.253s] DEBUG:colcon.colcon_core.verb:Building package 'Industrial_description' with the following arguments: {'ament_cmake_args': None, 'build_base': '/home/tanmay/industrial_robot_ws/build/Industrial_description', 'catkin_cmake_args': None, 'catkin_skip_building_tests': False, 'cmake_args': None, 'cmake_clean_cache': False, 'cmake_clean_first': False, 'cmake_force_configure': False, 'cmake_target': None, 'cmake_target_skip_unavailable': False, 'install_base': '/home/tanmay/industrial_robot_ws/install/Industrial_description', 'merge_install': False, 'path': '/home/tanmay/industrial_robot_ws/src/Industrial_description', 'symlink_install': False, 'test_result_base': None}
[0.253s] Level 5:colcon.colcon_core.verb:set package 'robot_control' build argument 'cmake_args' from command line to 'None'
[0.253s] Level 5:colcon.colcon_core.verb:set package 'robot_control' build argument 'cmake_target' from command line to 'None'
[0.253s] Level 5:colcon.colcon_core.verb:set package 'robot_control' build argument 'cmake_target_skip_unavailable' from command line to 'False'
[0.253s] Level 5:colcon.colcon_core.verb:set package 'robot_control' build argument 'cmake_clean_cache' from command line to 'False'
[0.253s] Level 5:colcon.colcon_core.verb:set package 'robot_control' build argument 'cmake_clean_first' from command line to 'False'
[0.253s] Level 5:colcon.colcon_core.verb:set package 'robot_control' build argument 'cmake_force_configure' from command line to 'False'
[0.253s] Level 5:colcon.colcon_core.verb:set package 'robot_control' build argument 'ament_cmake_args' from command line to 'None'
[0.253s] Level 5:colcon.colcon_core.verb:set package 'robot_control' build argument 'catkin_cmake_args' from command line to 'None'
[0.253s] Level 5:colcon.colcon_core.verb:set package 'robot_control' build argument 'catkin_skip_building_tests' from command line to 'False'
[0.254s] DEBUG:colcon.colcon_core.verb:Building package 'robot_control' with the following arguments: {'ament_cmake_args': None, 'build_base': '/home/tanmay/industrial_robot_ws/build/robot_control', 'catkin_cmake_args': None, 'catkin_skip_building_tests': False, 'cmake_args': None, 'cmake_clean_cache': False, 'cmake_clean_first': False, 'cmake_force_configure': False, 'cmake_target': None, 'cmake_target_skip_unavailable': False, 'install_base': '/home/tanmay/industrial_robot_ws/install/robot_control', 'merge_install': False, 'path': '/home/tanmay/industrial_robot_ws/src/robot_control', 'symlink_install': False, 'test_result_base': None}
[0.254s] Level 5:colcon.colcon_core.verb:set package 'robot_config' build argument 'cmake_args' from command line to 'None'
[0.254s] Level 5:colcon.colcon_core.verb:set package 'robot_config' build argument 'cmake_target' from command line to 'None'
[0.254s] Level 5:colcon.colcon_core.verb:set package 'robot_config' build argument 'cmake_target_skip_unavailable' from command line to 'False'
[0.254s] Level 5:colcon.colcon_core.verb:set package 'robot_config' build argument 'cmake_clean_cache' from command line to 'False'
[0.254s] Level 5:colcon.colcon_core.verb:set package 'robot_config' build argument 'cmake_clean_first' from command line to 'False'
[0.254s] Level 5:colcon.colcon_core.verb:set package 'robot_config' build argument 'cmake_force_configure' from command line to 'False'
[0.254s] Level 5:colcon.colcon_core.verb:set package 'robot_config' build argument 'ament_cmake_args' from command line to 'None'
[0.254s] Level 5:colcon.colcon_core.verb:set package 'robot_config' build argument 'catkin_cmake_args' from command line to 'None'
[0.254s] Level 5:colcon.colcon_core.verb:set package 'robot_config' build argument 'catkin_skip_building_tests' from command line to 'False'
[0.254s] DEBUG:colcon.colcon_core.verb:Building package 'robot_config' with the following arguments: {'ament_cmake_args': None, 'build_base': '/home/tanmay/industrial_robot_ws/build/robot_config', 'catkin_cmake_args': None, 'catkin_skip_building_tests': False, 'cmake_args': None, 'cmake_clean_cache': False, 'cmake_clean_first': False, 'cmake_force_configure': False, 'cmake_target': None, 'cmake_target_skip_unavailable': False, 'install_base': '/home/tanmay/industrial_robot_ws/install/robot_config', 'merge_install': False, 'path': '/home/tanmay/industrial_robot_ws/src/robot_config', 'symlink_install': False, 'test_result_base': None}
[0.254s] INFO:colcon.colcon_core.executor:Executing jobs using 'parallel' executor
[0.255s] DEBUG:colcon.colcon_parallel_executor.executor.parallel:run_until_complete
[0.255s] INFO:colcon.colcon_ros.task.ament_python.build:Building ROS package in '/home/tanmay/industrial_robot_ws/src/Industrial_description' with build type 'ament_python'
[0.255s] Level 1:colcon.colcon_core.shell:create_environment_hook('Industrial_description', 'ament_prefix_path')
[0.256s] INFO:colcon.colcon_core.plugin_system:Skipping extension 'colcon_core.shell.bat': Not used on non-Windows systems
[0.257s] INFO:colcon.colcon_core.shell:Creating environment hook '/home/tanmay/industrial_robot_ws/install/Industrial_description/share/Industrial_description/hook/ament_prefix_path.ps1'
[0.257s] INFO:colcon.colcon_core.shell:Creating environment descriptor '/home/tanmay/industrial_robot_ws/install/Industrial_description/share/Industrial_description/hook/ament_prefix_path.dsv'
[0.257s] INFO:colcon.colcon_core.shell:Creating environment hook '/home/tanmay/industrial_robot_ws/install/Industrial_description/share/Industrial_description/hook/ament_prefix_path.sh'
[0.258s] INFO:colcon.colcon_core.shell:Skip shell extension 'powershell' for command environment: Not usable outside of PowerShell
[0.258s] DEBUG:colcon.colcon_core.shell:Skip shell extension 'dsv' for command environment
[0.261s] INFO:colcon.colcon_ros.task.ament_python.build:Building ROS package in '/home/tanmay/industrial_robot_ws/src/robot_control' with build type 'ament_python'
[0.261s] Level 1:colcon.colcon_core.shell:create_environment_hook('robot_control', 'ament_prefix_path')
[0.261s] INFO:colcon.colcon_core.shell:Creating environment hook '/home/tanmay/industrial_robot_ws/install/robot_control/share/robot_control/hook/ament_prefix_path.ps1'
[0.262s] INFO:colcon.colcon_core.shell:Creating environment descriptor '/home/tanmay/industrial_robot_ws/install/robot_control/share/robot_control/hook/ament_prefix_path.dsv'
[0.262s] INFO:colcon.colcon_core.shell:Creating environment hook '/home/tanmay/industrial_robot_ws/install/robot_control/share/robot_control/hook/ament_prefix_path.sh'
[0.262s] INFO:colcon.colcon_core.shell:Skip shell extension 'powershell' for command environment: Not usable outside of PowerShell
[0.262s] DEBUG:colcon.colcon_core.shell:Skip shell extension 'dsv' for command environment
[0.457s] INFO:colcon.colcon_core.task.python.build:Building Python package in '/home/tanmay/industrial_robot_ws/src/Industrial_description'
[0.458s] INFO:colcon.colcon_core.shell:Skip shell extension 'powershell' for command environment: Not usable outside of PowerShell
[0.458s] DEBUG:colcon.colcon_core.shell:Skip shell extension 'dsv' for command environment
[0.653s] INFO:colcon.colcon_core.task.python.build:Building Python package in '/home/tanmay/industrial_robot_ws/src/robot_control'
[0.654s] INFO:colcon.colcon_core.shell:Skip shell extension 'powershell' for command environment: Not usable outside of PowerShell
[0.654s] DEBUG:colcon.colcon_core.shell:Skip shell extension 'dsv' for command environment
[0.925s] DEBUG:colcon.colcon_core.event_handler.log_command:Invoking command in '/home/tanmay/industrial_robot_ws/src/robot_control': PYTHONPATH=/home/tanmay/industrial_robot_ws/build/robot_control/prefix_override:/usr/lib/python3/dist-packages/colcon_core/task/python/colcon_distutils_commands:/home/tanmay/industrial_robot_ws/install/robot_control/lib/python3.10/site-packages:${PYTHONPATH} /usr/bin/python3 -W ignore:setup.py install is deprecated setup.py egg_info --egg-base ../../build/robot_control build --build-base /home/tanmay/industrial_robot_ws/build/robot_control/build install --record /home/tanmay/industrial_robot_ws/build/robot_control/install.log --single-version-externally-managed install_data
[0.930s] DEBUG:colcon.colcon_core.event_handler.log_command:Invoking command in '/home/tanmay/industrial_robot_ws/src/Industrial_description': PYTHONPATH=/home/tanmay/industrial_robot_ws/build/Industrial_description/prefix_override:/usr/lib/python3/dist-packages/colcon_core/task/python/colcon_distutils_commands:/home/tanmay/industrial_robot_ws/install/Industrial_description/lib/python3.10/site-packages:${PYTHONPATH} /usr/bin/python3 -W ignore:setup.py install is deprecated setup.py egg_info --egg-base ../../build/Industrial_description build --build-base /home/tanmay/industrial_robot_ws/build/Industrial_description/build install --record /home/tanmay/industrial_robot_ws/build/Industrial_description/install.log --install-scripts $base/lib/Industrial_description --single-version-externally-managed install_data
[1.134s] DEBUG:colcon.colcon_core.event_handler.log_command:Invoked command in '/home/tanmay/industrial_robot_ws/src/robot_control' returned '0': PYTHONPATH=/home/tanmay/industrial_robot_ws/build/robot_control/prefix_override:/usr/lib/python3/dist-packages/colcon_core/task/python/colcon_distutils_commands:/home/tanmay/industrial_robot_ws/install/robot_control/lib/python3.10/site-packages:${PYTHONPATH} /usr/bin/python3 -W ignore:setup.py install is deprecated setup.py egg_info --egg-base ../../build/robot_control build --build-base /home/tanmay/industrial_robot_ws/build/robot_control/build install --record /home/tanmay/industrial_robot_ws/build/robot_control/install.log --single-version-externally-managed install_data
[1.135s] Level 1:colcon.colcon_core.environment:checking '/home/tanmay/industrial_robot_ws/install/robot_control' for CMake module files
[1.135s] Level 1:colcon.colcon_core.environment:checking '/home/tanmay/industrial_robot_ws/install/robot_control' for CMake config files
[1.136s] Level 1:colcon.colcon_core.environment:checking '/home/tanmay/industrial_robot_ws/install/robot_control/lib'
[1.136s] Level 1:colcon.colcon_core.environment:checking '/home/tanmay/industrial_robot_ws/install/robot_control/bin'
[1.136s] Level 1:colcon.colcon_core.environment:checking '/home/tanmay/industrial_robot_ws/install/robot_control/lib/pkgconfig/robot_control.pc'
[1.136s] Level 1:colcon.colcon_core.environment:checking '/home/tanmay/industrial_robot_ws/install/robot_control/lib/python3.10/site-packages'
[1.136s] Level 1:colcon.colcon_core.shell:create_environment_hook('robot_control', 'pythonpath')
[1.136s] INFO:colcon.colcon_core.shell:Creating environment hook '/home/tanmay/industrial_robot_ws/install/robot_control/share/robot_control/hook/pythonpath.ps1'
[1.137s] INFO:colcon.colcon_core.shell:Creating environment descriptor '/home/tanmay/industrial_robot_ws/install/robot_control/share/robot_control/hook/pythonpath.dsv'
[1.137s] INFO:colcon.colcon_core.shell:Creating environment hook '/home/tanmay/industrial_robot_ws/install/robot_control/share/robot_control/hook/pythonpath.sh'
[1.137s] Level 1:colcon.colcon_core.environment:checking '/home/tanmay/industrial_robot_ws/install/robot_control/bin'
[1.137s] Level 1:colcon.colcon_core.environment:create_environment_scripts_only(robot_control)
[1.137s] INFO:colcon.colcon_core.shell:Creating package script '/home/tanmay/industrial_robot_ws/install/robot_control/share/robot_control/package.ps1'
[1.138s] INFO:colcon.colcon_core.shell:Creating package descriptor '/home/tanmay/industrial_robot_ws/install/robot_control/share/robot_control/package.dsv'
[1.138s] INFO:colcon.colcon_core.shell:Creating package script '/home/tanmay/industrial_robot_ws/install/robot_control/share/robot_control/package.sh'
[1.139s] INFO:colcon.colcon_core.shell:Creating package script '/home/tanmay/industrial_robot_ws/install/robot_control/share/robot_control/package.bash'
[1.139s] INFO:colcon.colcon_core.shell:Creating package script '/home/tanmay/industrial_robot_ws/install/robot_control/share/robot_control/package.zsh'
[1.139s] Level 1:colcon.colcon_core.environment:create_file_with_runtime_dependencies(/home/tanmay/industrial_robot_ws/install/robot_control/share/colcon-core/packages/robot_control)
[1.140s] Level 1:colcon.colcon_core.environment:checking '/home/tanmay/industrial_robot_ws/install/Industrial_description' for CMake module files
[1.141s] DEBUG:colcon.colcon_core.event_handler.log_command:Invoked command in '/home/tanmay/industrial_robot_ws/src/Industrial_description' returned '0': PYTHONPATH=/home/tanmay/industrial_robot_ws/build/Industrial_description/prefix_override:/usr/lib/python3/dist-packages/colcon_core/task/python/colcon_distutils_commands:/home/tanmay/industrial_robot_ws/install/Industrial_description/lib/python3.10/site-packages:${PYTHONPATH} /usr/bin/python3 -W ignore:setup.py install is deprecated setup.py egg_info --egg-base ../../build/Industrial_description build --build-base /home/tanmay/industrial_robot_ws/build/Industrial_description/build install --record /home/tanmay/industrial_robot_ws/build/Industrial_description/install.log --install-scripts $base/lib/Industrial_description --single-version-externally-managed install_data
[1.141s] Level 1:colcon.colcon_core.environment:checking '/home/tanmay/industrial_robot_ws/install/Industrial_description' for CMake config files
[1.141s] Level 1:colcon.colcon_core.environment:checking '/home/tanmay/industrial_robot_ws/install/Industrial_description/lib'
[1.141s] Level 1:colcon.colcon_core.environment:checking '/home/tanmay/industrial_robot_ws/install/Industrial_description/bin'
[1.141s] Level 1:colcon.colcon_core.environment:checking '/home/tanmay/industrial_robot_ws/install/Industrial_description/lib/pkgconfig/Industrial_description.pc'
[1.141s] Level 1:colcon.colcon_core.environment:checking '/home/tanmay/industrial_robot_ws/install/Industrial_description/lib/python3.10/site-packages'
[1.142s] Level 1:colcon.colcon_core.shell:create_environment_hook('Industrial_description', 'pythonpath')
[1.142s] INFO:colcon.colcon_core.shell:Creating environment hook '/home/tanmay/industrial_robot_ws/install/Industrial_description/share/Industrial_description/hook/pythonpath.ps1'
[1.142s] INFO:colcon.colcon_core.shell:Creating environment descriptor '/home/tanmay/industrial_robot_ws/install/Industrial_description/share/Industrial_description/hook/pythonpath.dsv'
[1.142s] INFO:colcon.colcon_core.shell:Creating environment hook '/home/tanmay/industrial_robot_ws/install/Industrial_description/share/Industrial_description/hook/pythonpath.sh'
[1.142s] Level 1:colcon.colcon_core.environment:checking '/home/tanmay/industrial_robot_ws/install/Industrial_description/bin'
[1.142s] Level 1:colcon.colcon_core.environment:create_environment_scripts_only(Industrial_description)
[1.143s] INFO:colcon.colcon_core.shell:Creating package script '/home/tanmay/industrial_robot_ws/install/Industrial_description/share/Industrial_description/package.ps1'
[1.143s] INFO:colcon.colcon_core.shell:Creating package descriptor '/home/tanmay/industrial_robot_ws/install/Industrial_description/share/Industrial_description/package.dsv'
[1.143s] INFO:colcon.colcon_core.shell:Creating package script '/home/tanmay/industrial_robot_ws/install/Industrial_description/share/Industrial_description/package.sh'
[1.143s] INFO:colcon.colcon_core.shell:Creating package script '/home/tanmay/industrial_robot_ws/install/Industrial_description/share/Industrial_description/package.bash'
[1.143s] INFO:colcon.colcon_core.shell:Creating package script '/home/tanmay/industrial_robot_ws/install/Industrial_description/share/Industrial_description/package.zsh'
[1.144s] Level 1:colcon.colcon_core.environment:create_file_with_runtime_dependencies(/home/tanmay/industrial_robot_ws/install/Industrial_description/share/colcon-core/packages/Industrial_description)
[1.144s] INFO:colcon.colcon_ros.task.ament_cmake.build:Building ROS package in '/home/tanmay/industrial_robot_ws/src/robot_config' with build type 'ament_cmake'
[1.144s] INFO:colcon.colcon_cmake.task.cmake.build:Building CMake package in '/home/tanmay/industrial_robot_ws/src/robot_config'
[1.144s] INFO:colcon.colcon_core.shell:Skip shell extension 'powershell' for command environment: Not usable outside of PowerShell
[1.144s] DEBUG:colcon.colcon_core.shell:Skip shell extension 'dsv' for command environment
[1.151s] DEBUG:colcon.colcon_core.event_handler.log_command:Invoking command in '/home/tanmay/industrial_robot_ws/build/robot_config': AMENT_PREFIX_PATH=/home/tanmay/industrial_robot_ws/install/Industrial_description:/home/tanmay/industrial_robot_ws/install/robot_config:/home/tanmay/industrial_robot_ws/install/robot_control:/home/tanmay/telenex_robotics_assignments/install/problem2:/home/tanmay/telenex_robotics_assignments/install/problem1:/home/tanmay/telenex_robotics_assignments/install/custom_interfaces:/home/tanmay/telenex_robotics_assignments/install/ROS2_Messages:/home/tanmay/colcon_ws/install/ur_simulation_gazebo:/home/tanmay/colcon_ws/install/ur_moveit_config:/home/tanmay/colcon_ws/install/ur_description:/home/tanmay/colcon_ws/install/ur5_control:/home/tanmay/colcon_ws/install/realsense_gazebo_plugin:/home/tanmay/colcon_ws/install/pymoveit2:/home/tanmay/colcon_ws/install/linkattacher_msgs:/home/tanmay/colcon_ws/install/eyantra_warehouse:/home/tanmay/colcon_ws/install/ebot_nav2:/home/tanmay/colcon_ws/install/ebot_description:/opt/ros/humble CMAKE_PREFIX_PATH=${CMAKE_PREFIX_PATH}:/home/tanmay/industrial_robot_ws/install/robot_control:/home/tanmay/industrial_robot_ws/install/Industrial_description:/home/tanmay/telenex_robotics_assignments/install/problem2:/home/tanmay/telenex_robotics_assignments/install/problem1:/home/tanmay/telenex_robotics_assignments/install/ROS2_Messages:/home/tanmay/colcon_ws/install/ur5_control:/opt/ros/humble PYTHONPATH=/home/tanmay/industrial_robot_ws/install/Industrial_description/lib/python3.10/site-packages:/home/tanmay/industrial_robot_ws/install/robot_control/lib/python3.10/site-packages:/home/tanmay/telenex_robotics_assignments/install/problem2/lib/python3.10/site-packages:/home/tanmay/telenex_robotics_assignments/install/problem1/lib/python3.10/site-packages:/home/tanmay/telenex_robotics_assignments/install/custom_interfaces/local/lib/python3.10/dist-packages:/home/tanmay/telenex_robotics_assignments/install/ROS2_Messages/lib/python3.10/site-packages:/home/tanmay/colcon_ws/install/ur5_control/lib/python3.10/site-packages:/home/tanmay/colcon_ws/install/pymoveit2/local/lib/python3.10/dist-packages:/home/tanmay/colcon_ws/install/linkattacher_msgs/local/lib/python3.10/dist-packages:/opt/ros/humble/lib/python3.10/site-packages:/opt/ros/humble/local/lib/python3.10/dist-packages /usr/bin/cmake --build /home/tanmay/industrial_robot_ws/build/robot_config -- -j12 -l12
[1.179s] DEBUG:colcon.colcon_core.event_handler.log_command:Invoked command in '/home/tanmay/industrial_robot_ws/build/robot_config' returned '0': AMENT_PREFIX_PATH=/home/tanmay/industrial_robot_ws/install/Industrial_description:/home/tanmay/industrial_robot_ws/install/robot_config:/home/tanmay/industrial_robot_ws/install/robot_control:/home/tanmay/telenex_robotics_assignments/install/problem2:/home/tanmay/telenex_robotics_assignments/install/problem1:/home/tanmay/telenex_robotics_assignments/install/custom_interfaces:/home/tanmay/telenex_robotics_assignments/install/ROS2_Messages:/home/tanmay/colcon_ws/install/ur_simulation_gazebo:/home/tanmay/colcon_ws/install/ur_moveit_config:/home/tanmay/colcon_ws/install/ur_description:/home/tanmay/colcon_ws/install/ur5_control:/home/tanmay/colcon_ws/install/realsense_gazebo_plugin:/home/tanmay/colcon_ws/install/pymoveit2:/home/tanmay/colcon_ws/install/linkattacher_msgs:/home/tanmay/colcon_ws/install/eyantra_warehouse:/home/tanmay/colcon_ws/install/ebot_nav2:/home/tanmay/colcon_ws/install/ebot_description:/opt/ros/humble CMAKE_PREFIX_PATH=${CMAKE_PREFIX_PATH}:/home/tanmay/industrial_robot_ws/install/robot_control:/home/tanmay/industrial_robot_ws/install/Industrial_description:/home/tanmay/telenex_robotics_assignments/install/problem2:/home/tanmay/telenex_robotics_assignments/install/problem1:/home/tanmay/telenex_robotics_assignments/install/ROS2_Messages:/home/tanmay/colcon_ws/install/ur5_control:/opt/ros/humble PYTHONPATH=/home/tanmay/industrial_robot_ws/install/Industrial_description/lib/python3.10/site-packages:/home/tanmay/industrial_robot_ws/install/robot_control/lib/python3.10/site-packages:/home/tanmay/telenex_robotics_assignments/install/problem2/lib/python3.10/site-packages:/home/tanmay/telenex_robotics_assignments/install/problem1/lib/python3.10/site-packages:/home/tanmay/telenex_robotics_assignments/install/custom_interfaces/local/lib/python3.10/dist-packages:/home/tanmay/telenex_robotics_assignments/install/ROS2_Messages/lib/python3.10/site-packages:/home/tanmay/colcon_ws/install/ur5_control/lib/python3.10/site-packages:/home/tanmay/colcon_ws/install/pymoveit2/local/lib/python3.10/dist-packages:/home/tanmay/colcon_ws/install/linkattacher_msgs/local/lib/python3.10/dist-packages:/opt/ros/humble/lib/python3.10/site-packages:/opt/ros/humble/local/lib/python3.10/dist-packages /usr/bin/cmake --build /home/tanmay/industrial_robot_ws/build/robot_config -- -j12 -l12
[1.202s] DEBUG:colcon.colcon_core.event_handler.log_command:Invoking command in '/home/tanmay/industrial_robot_ws/build/robot_config': AMENT_PREFIX_PATH=/home/tanmay/industrial_robot_ws/install/Industrial_description:/home/tanmay/industrial_robot_ws/install/robot_config:/home/tanmay/industrial_robot_ws/install/robot_control:/home/tanmay/telenex_robotics_assignments/install/problem2:/home/tanmay/telenex_robotics_assignments/install/problem1:/home/tanmay/telenex_robotics_assignments/install/custom_interfaces:/home/tanmay/telenex_robotics_assignments/install/ROS2_Messages:/home/tanmay/colcon_ws/install/ur_simulation_gazebo:/home/tanmay/colcon_ws/install/ur_moveit_config:/home/tanmay/colcon_ws/install/ur_description:/home/tanmay/colcon_ws/install/ur5_control:/home/tanmay/colcon_ws/install/realsense_gazebo_plugin:/home/tanmay/colcon_ws/install/pymoveit2:/home/tanmay/colcon_ws/install/linkattacher_msgs:/home/tanmay/colcon_ws/install/eyantra_warehouse:/home/tanmay/colcon_ws/install/ebot_nav2:/home/tanmay/colcon_ws/install/ebot_description:/opt/ros/humble CMAKE_PREFIX_PATH=${CMAKE_PREFIX_PATH}:/home/tanmay/industrial_robot_ws/install/robot_control:/home/tanmay/industrial_robot_ws/install/Industrial_description:/home/tanmay/telenex_robotics_assignments/install/problem2:/home/tanmay/telenex_robotics_assignments/install/problem1:/home/tanmay/telenex_robotics_assignments/install/ROS2_Messages:/home/tanmay/colcon_ws/install/ur5_control:/opt/ros/humble PYTHONPATH=/home/tanmay/industrial_robot_ws/install/Industrial_description/lib/python3.10/site-packages:/home/tanmay/industrial_robot_ws/install/robot_control/lib/python3.10/site-packages:/home/tanmay/telenex_robotics_assignments/install/problem2/lib/python3.10/site-packages:/home/tanmay/telenex_robotics_assignments/install/problem1/lib/python3.10/site-packages:/home/tanmay/telenex_robotics_assignments/install/custom_interfaces/local/lib/python3.10/dist-packages:/home/tanmay/telenex_robotics_assignments/install/ROS2_Messages/lib/python3.10/site-packages:/home/tanmay/colcon_ws/install/ur5_control/lib/python3.10/site-packages:/home/tanmay/colcon_ws/install/pymoveit2/local/lib/python3.10/dist-packages:/home/tanmay/colcon_ws/install/linkattacher_msgs/local/lib/python3.10/dist-packages:/opt/ros/humble/lib/python3.10/site-packages:/opt/ros/humble/local/lib/python3.10/dist-packages /usr/bin/cmake --install /home/tanmay/industrial_robot_ws/build/robot_config
[1.209s] Level 1:colcon.colcon_core.environment:create_environment_scripts_only(robot_config)
[1.209s] Level 1:colcon.colcon_core.environment:checking '/home/tanmay/industrial_robot_ws/install/robot_config' for CMake module files
[1.209s] DEBUG:colcon.colcon_core.event_handler.log_command:Invoked command in '/home/tanmay/industrial_robot_ws/build/robot_config' returned '0': AMENT_PREFIX_PATH=/home/tanmay/industrial_robot_ws/install/Industrial_description:/home/tanmay/industrial_robot_ws/install/robot_config:/home/tanmay/industrial_robot_ws/install/robot_control:/home/tanmay/telenex_robotics_assignments/install/problem2:/home/tanmay/telenex_robotics_assignments/install/problem1:/home/tanmay/telenex_robotics_assignments/install/custom_interfaces:/home/tanmay/telenex_robotics_assignments/install/ROS2_Messages:/home/tanmay/colcon_ws/install/ur_simulation_gazebo:/home/tanmay/colcon_ws/install/ur_moveit_config:/home/tanmay/colcon_ws/install/ur_description:/home/tanmay/colcon_ws/install/ur5_control:/home/tanmay/colcon_ws/install/realsense_gazebo_plugin:/home/tanmay/colcon_ws/install/pymoveit2:/home/tanmay/colcon_ws/install/linkattacher_msgs:/home/tanmay/colcon_ws/install/eyantra_warehouse:/home/tanmay/colcon_ws/install/ebot_nav2:/home/tanmay/colcon_ws/install/ebot_description:/opt/ros/humble CMAKE_PREFIX_PATH=${CMAKE_PREFIX_PATH}:/home/tanmay/industrial_robot_ws/install/robot_control:/home/tanmay/industrial_robot_ws/install/Industrial_description:/home/tanmay/telenex_robotics_assignments/install/problem2:/home/tanmay/telenex_robotics_assignments/install/problem1:/home/tanmay/telenex_robotics_assignments/install/ROS2_Messages:/home/tanmay/colcon_ws/install/ur5_control:/opt/ros/humble PYTHONPATH=/home/tanmay/industrial_robot_ws/install/Industrial_description/lib/python3.10/site-packages:/home/tanmay/industrial_robot_ws/install/robot_control/lib/python3.10/site-packages:/home/tanmay/telenex_robotics_assignments/install/problem2/lib/python3.10/site-packages:/home/tanmay/telenex_robotics_assignments/install/problem1/lib/python3.10/site-packages:/home/tanmay/telenex_robotics_assignments/install/custom_interfaces/local/lib/python3.10/dist-packages:/home/tanmay/telenex_robotics_assignments/install/ROS2_Messages/lib/python3.10/site-packages:/home/tanmay/colcon_ws/install/ur5_control/lib/python3.10/site-packages:/home/tanmay/colcon_ws/install/pymoveit2/local/lib/python3.10/dist-packages:/home/tanmay/colcon_ws/install/linkattacher_msgs/local/lib/python3.10/dist-packages:/opt/ros/humble/lib/python3.10/site-packages:/opt/ros/humble/local/lib/python3.10/dist-packages /usr/bin/cmake --install /home/tanmay/industrial_robot_ws/build/robot_config
[1.209s] Level 1:colcon.colcon_core.environment:checking '/home/tanmay/industrial_robot_ws/install/robot_config' for CMake config files
[1.210s] Level 1:colcon.colcon_core.shell:create_environment_hook('robot_config', 'cmake_prefix_path')
[1.210s] INFO:colcon.colcon_core.shell:Creating environment hook '/home/tanmay/industrial_robot_ws/install/robot_config/share/robot_config/hook/cmake_prefix_path.ps1'
[1.210s] INFO:colcon.colcon_core.shell:Creating environment descriptor '/home/tanmay/industrial_robot_ws/install/robot_config/share/robot_config/hook/cmake_prefix_path.dsv'
[1.210s] INFO:colcon.colcon_core.shell:Creating environment hook '/home/tanmay/industrial_robot_ws/install/robot_config/share/robot_config/hook/cmake_prefix_path.sh'
[1.210s] Level 1:colcon.colcon_core.environment:checking '/home/tanmay/industrial_robot_ws/install/robot_config/bin'
[1.210s] Level 1:colcon.colcon_core.environment:checking '/home/tanmay/industrial_robot_ws/install/robot_config/lib/pkgconfig/robot_config.pc'
[1.211s] Level 1:colcon.colcon_core.environment:checking '/home/tanmay/industrial_robot_ws/install/robot_config/lib/python3.10/site-packages'
[1.211s] Level 1:colcon.colcon_core.environment:checking '/home/tanmay/industrial_robot_ws/install/robot_config/bin'
[1.211s] INFO:colcon.colcon_core.shell:Creating package script '/home/tanmay/industrial_robot_ws/install/robot_config/share/robot_config/package.ps1'
[1.211s] INFO:colcon.colcon_core.shell:Creating package descriptor '/home/tanmay/industrial_robot_ws/install/robot_config/share/robot_config/package.dsv'
[1.211s] INFO:colcon.colcon_core.shell:Creating package script '/home/tanmay/industrial_robot_ws/install/robot_config/share/robot_config/package.sh'
[1.212s] INFO:colcon.colcon_core.shell:Creating package script '/home/tanmay/industrial_robot_ws/install/robot_config/share/robot_config/package.bash'
[1.212s] INFO:colcon.colcon_core.shell:Creating package script '/home/tanmay/industrial_robot_ws/install/robot_config/share/robot_config/package.zsh'
[1.212s] Level 1:colcon.colcon_core.environment:create_file_with_runtime_dependencies(/home/tanmay/industrial_robot_ws/install/robot_config/share/colcon-core/packages/robot_config)
[1.227s] Level 1:colcon.colcon_core.environment:create_environment_scripts_only(robot_config)
[1.227s] Level 1:colcon.colcon_core.environment:checking '/home/tanmay/industrial_robot_ws/install/robot_config' for CMake module files
[1.228s] Level 1:colcon.colcon_core.environment:checking '/home/tanmay/industrial_robot_ws/install/robot_config' for CMake config files
[1.228s] Level 1:colcon.colcon_core.shell:create_environment_hook('robot_config', 'cmake_prefix_path')
[1.228s] INFO:colcon.colcon_core.shell:Creating environment hook '/home/tanmay/industrial_robot_ws/install/robot_config/share/robot_config/hook/cmake_prefix_path.ps1'
[1.228s] INFO:colcon.colcon_core.shell:Creating environment descriptor '/home/tanmay/industrial_robot_ws/install/robot_config/share/robot_config/hook/cmake_prefix_path.dsv'
[1.228s] INFO:colcon.colcon_core.shell:Creating environment hook '/home/tanmay/industrial_robot_ws/install/robot_config/share/robot_config/hook/cmake_prefix_path.sh'
[1.229s] Level 1:colcon.colcon_core.environment:checking '/home/tanmay/industrial_robot_ws/install/robot_config/bin'
[1.229s] Level 1:colcon.colcon_core.environment:checking '/home/tanmay/industrial_robot_ws/install/robot_config/lib/pkgconfig/robot_config.pc'
[1.229s] Level 1:colcon.colcon_core.environment:checking '/home/tanmay/industrial_robot_ws/install/robot_config/lib/python3.10/site-packages'
[1.229s] Level 1:colcon.colcon_core.environment:checking '/home/tanmay/industrial_robot_ws/install/robot_config/bin'
[1.229s] INFO:colcon.colcon_core.shell:Creating package script '/home/tanmay/industrial_robot_ws/install/robot_config/share/robot_config/package.ps1'
[1.230s] INFO:colcon.colcon_core.shell:Creating package descriptor '/home/tanmay/industrial_robot_ws/install/robot_config/share/robot_config/package.dsv'
[1.230s] INFO:colcon.colcon_core.shell:Creating package script '/home/tanmay/industrial_robot_ws/install/robot_config/share/robot_config/package.sh'
[1.230s] INFO:colcon.colcon_core.shell:Creating package script '/home/tanmay/industrial_robot_ws/install/robot_config/share/robot_config/package.bash'
[1.230s] INFO:colcon.colcon_core.shell:Creating package script '/home/tanmay/industrial_robot_ws/install/robot_config/share/robot_config/package.zsh'
[1.230s] Level 1:colcon.colcon_core.environment:create_file_with_runtime_dependencies(/home/tanmay/industrial_robot_ws/install/robot_config/share/colcon-core/packages/robot_config)
[1.231s] DEBUG:colcon.colcon_parallel_executor.executor.parallel:closing loop
[1.231s] DEBUG:colcon.colcon_parallel_executor.executor.parallel:loop closed
[1.231s] DEBUG:colcon.colcon_parallel_executor.executor.parallel:run_until_complete finished with '0'
[1.231s] DEBUG:colcon.colcon_core.event_reactor:joining thread
[1.234s] INFO:colcon.colcon_core.plugin_system:Skipping extension 'colcon_notification.desktop_notification.terminal_notifier': Not used on non-Darwin systems
[1.235s] INFO:colcon.colcon_core.plugin_system:Skipping extension 'colcon_notification.desktop_notification.win32': Not used on non-Windows systems
[1.235s] INFO:colcon.colcon_notification.desktop_notification:Sending desktop notification using 'notify2'
[1.242s] DEBUG:colcon.colcon_core.event_reactor:joined thread
[1.243s] INFO:colcon.colcon_core.shell:Creating prefix script '/home/tanmay/industrial_robot_ws/install/local_setup.ps1'
[1.243s] INFO:colcon.colcon_core.shell:Creating prefix util module '/home/tanmay/industrial_robot_ws/install/_local_setup_util_ps1.py'
[1.244s] INFO:colcon.colcon_core.shell:Creating prefix chain script '/home/tanmay/industrial_robot_ws/install/setup.ps1'
[1.245s] INFO:colcon.colcon_core.shell:Creating prefix script '/home/tanmay/industrial_robot_ws/install/local_setup.sh'
[1.246s] INFO:colcon.colcon_core.shell:Creating prefix util module '/home/tanmay/industrial_robot_ws/install/_local_setup_util_sh.py'
[1.246s] INFO:colcon.colcon_core.shell:Creating prefix chain script '/home/tanmay/industrial_robot_ws/install/setup.sh'
[1.247s] INFO:colcon.colcon_core.shell:Creating prefix script '/home/tanmay/industrial_robot_ws/install/local_setup.bash'
[1.247s] INFO:colcon.colcon_core.shell:Creating prefix chain script '/home/tanmay/industrial_robot_ws/install/setup.bash'
[1.248s] INFO:colcon.colcon_core.shell:Creating prefix script '/home/tanmay/industrial_robot_ws/install/local_setup.zsh'
[1.248s] INFO:colcon.colcon_core.shell:Creating prefix chain script '/home/tanmay/industrial_robot_ws/install/setup.zsh'
