[0.849s] Invoking command in '/home/tanmay/industrial_robot_ws/src/robot_control': PYTHONPATH=/home/tanmay/industrial_robot_ws/build/robot_control/prefix_override:/usr/lib/python3/dist-packages/colcon_core/task/python/colcon_distutils_commands:/home/tanmay/industrial_robot_ws/install/robot_control/lib/python3.10/site-packages:${PYTHONPATH} /usr/bin/python3 -W ignore:setup.py install is deprecated setup.py egg_info --egg-base ../../build/robot_control build --build-base /home/tanmay/industrial_robot_ws/build/robot_control/build install --record /home/tanmay/industrial_robot_ws/build/robot_control/install.log --single-version-externally-managed install_data
[1.098s] running egg_info
[1.099s] writing ../../build/robot_control/robot_control.egg-info/PKG-INFO
[1.099s] writing dependency_links to ../../build/robot_control/robot_control.egg-info/dependency_links.txt
[1.099s] writing entry points to ../../build/robot_control/robot_control.egg-info/entry_points.txt
[1.099s] writing requirements to ../../build/robot_control/robot_control.egg-info/requires.txt
[1.099s] writing top-level names to ../../build/robot_control/robot_control.egg-info/top_level.txt
[1.101s] reading manifest file '../../build/robot_control/robot_control.egg-info/SOURCES.txt'
[1.102s] writing manifest file '../../build/robot_control/robot_control.egg-info/SOURCES.txt'
[1.102s] running build
[1.102s] running build_py
[1.102s] running install
[1.102s] running install_lib
[1.105s] running install_data
[1.105s] running install_egg_info
[1.106s] removing '/home/tanmay/industrial_robot_ws/install/robot_control/lib/python3.10/site-packages/robot_control-0.0.0-py3.10.egg-info' (and everything under it)
[1.107s] Copying ../../build/robot_control/robot_control.egg-info to /home/tanmay/industrial_robot_ws/install/robot_control/lib/python3.10/site-packages/robot_control-0.0.0-py3.10.egg-info
[1.107s] running install_scripts
[1.130s] writing list of installed files to '/home/tanmay/industrial_robot_ws/build/robot_control/install.log'
[1.155s] Invoked command in '/home/tanmay/industrial_robot_ws/src/robot_control' returned '0': PYTHONPATH=/home/tanmay/industrial_robot_ws/build/robot_control/prefix_override:/usr/lib/python3/dist-packages/colcon_core/task/python/colcon_distutils_commands:/home/tanmay/industrial_robot_ws/install/robot_control/lib/python3.10/site-packages:${PYTHONPATH} /usr/bin/python3 -W ignore:setup.py install is deprecated setup.py egg_info --egg-base ../../build/robot_control build --build-base /home/tanmay/industrial_robot_ws/build/robot_control/build install --record /home/tanmay/industrial_robot_ws/build/robot_control/install.log --single-version-externally-managed install_data
