[0.571s] Invoking command in '/home/tanmay/industrial_robot_ws/src/Industrial_description': PYTHONPATH=/home/tanmay/industrial_robot_ws/build/Industrial_description/prefix_override:/usr/lib/python3/dist-packages/colcon_core/task/python/colcon_distutils_commands:/home/tanmay/industrial_robot_ws/install/Industrial_description/lib/python3.10/site-packages:${PYTHONPATH} /usr/bin/python3 -W ignore:setup.py install is deprecated setup.py egg_info --egg-base ../../build/Industrial_description build --build-base /home/tanmay/industrial_robot_ws/build/Industrial_description/build install --record /home/tanmay/industrial_robot_ws/build/Industrial_description/install.log --install-scripts $base/lib/Industrial_description --single-version-externally-managed install_data
[0.715s] /usr/lib/python3/dist-packages/setuptools/dist.py:723: UserWarning: Usage of dash-separated 'script-dir' will not be supported in future versions. Please use the underscore name 'script_dir' instead
[0.715s]   warnings.warn(
[0.721s] running egg_info
[0.721s] writing ../../build/Industrial_description/Industrial_description.egg-info/PKG-INFO
[0.722s] writing dependency_links to ../../build/Industrial_description/Industrial_description.egg-info/dependency_links.txt
[0.722s] writing entry points to ../../build/Industrial_description/Industrial_description.egg-info/entry_points.txt
[0.722s] writing requirements to ../../build/Industrial_description/Industrial_description.egg-info/requires.txt
[0.722s] writing top-level names to ../../build/Industrial_description/Industrial_description.egg-info/top_level.txt
[0.723s] reading manifest file '../../build/Industrial_description/Industrial_description.egg-info/SOURCES.txt'
[0.724s] writing manifest file '../../build/Industrial_description/Industrial_description.egg-info/SOURCES.txt'
[0.724s] running build
[0.724s] running build_py
[0.724s] running install
[0.724s] running install_lib
[0.725s] running install_data
[0.725s] copying urdf/Industrial.xacro -> /home/tanmay/industrial_robot_ws/install/Industrial_description/share/Industrial_description/urdf
[0.725s] running install_egg_info
[0.727s] removing '/home/tanmay/industrial_robot_ws/install/Industrial_description/lib/python3.10/site-packages/Industrial_description-0.0.0-py3.10.egg-info' (and everything under it)
[0.727s] Copying ../../build/Industrial_description/Industrial_description.egg-info to /home/tanmay/industrial_robot_ws/install/Industrial_description/lib/python3.10/site-packages/Industrial_description-0.0.0-py3.10.egg-info
[0.728s] running install_scripts
[0.742s] writing list of installed files to '/home/tanmay/industrial_robot_ws/build/Industrial_description/install.log'
[0.766s] Invoked command in '/home/tanmay/industrial_robot_ws/src/Industrial_description' returned '0': PYTHONPATH=/home/tanmay/industrial_robot_ws/build/Industrial_description/prefix_override:/usr/lib/python3/dist-packages/colcon_core/task/python/colcon_distutils_commands:/home/tanmay/industrial_robot_ws/install/Industrial_description/lib/python3.10/site-packages:${PYTHONPATH} /usr/bin/python3 -W ignore:setup.py install is deprecated setup.py egg_info --egg-base ../../build/Industrial_description build --build-base /home/tanmay/industrial_robot_ws/build/Industrial_description/build install --record /home/tanmay/industrial_robot_ws/build/Industrial_description/install.log --install-scripts $base/lib/Industrial_description --single-version-externally-managed install_data
