[0.860s] Invoking command in '/home/tanmay/industrial_robot_ws/src/Industrial_description': PYTHONPATH=/home/tanmay/industrial_robot_ws/build/Industrial_description/prefix_override:/usr/lib/python3/dist-packages/colcon_core/task/python/colcon_distutils_commands:/home/tanmay/industrial_robot_ws/install/Industrial_description/lib/python3.10/site-packages:${PYTHONPATH} /usr/bin/python3 -W ignore:setup.py install is deprecated setup.py egg_info --egg-base ../../build/Industrial_description build --build-base /home/tanmay/industrial_robot_ws/build/Industrial_description/build install --record /home/tanmay/industrial_robot_ws/build/Industrial_description/install.log --install-scripts $base/lib/Industrial_description --single-version-externally-managed install_data
[1.099s] /usr/lib/python3/dist-packages/setuptools/dist.py:723: UserWarning: Usage of dash-separated 'script-dir' will not be supported in future versions. Please use the underscore name 'script_dir' instead
[1.100s]   warnings.warn(
[1.108s] running egg_info
[1.109s] writing ../../build/Industrial_description/Industrial_description.egg-info/PKG-INFO
[1.109s] writing dependency_links to ../../build/Industrial_description/Industrial_description.egg-info/dependency_links.txt
[1.109s] writing entry points to ../../build/Industrial_description/Industrial_description.egg-info/entry_points.txt
[1.109s] writing requirements to ../../build/Industrial_description/Industrial_description.egg-info/requires.txt
[1.109s] writing top-level names to ../../build/Industrial_description/Industrial_description.egg-info/top_level.txt
[1.111s] reading manifest file '../../build/Industrial_description/Industrial_description.egg-info/SOURCES.txt'
[1.112s] writing manifest file '../../build/Industrial_description/Industrial_description.egg-info/SOURCES.txt'
[1.112s] running build
[1.112s] running build_py
[1.113s] running install
[1.113s] running install_lib
[1.114s] running install_data
[1.114s] running install_egg_info
[1.117s] removing '/home/tanmay/industrial_robot_ws/install/Industrial_description/lib/python3.10/site-packages/Industrial_description-0.0.0-py3.10.egg-info' (and everything under it)
[1.118s] Copying ../../build/Industrial_description/Industrial_description.egg-info to /home/tanmay/industrial_robot_ws/install/Industrial_description/lib/python3.10/site-packages/Industrial_description-0.0.0-py3.10.egg-info
[1.118s] running install_scripts
[1.141s] writing list of installed files to '/home/tanmay/industrial_robot_ws/build/Industrial_description/install.log'
[1.175s] Invoked command in '/home/tanmay/industrial_robot_ws/src/Industrial_description' returned '0': PYTHONPATH=/home/tanmay/industrial_robot_ws/build/Industrial_description/prefix_override:/usr/lib/python3/dist-packages/colcon_core/task/python/colcon_distutils_commands:/home/tanmay/industrial_robot_ws/install/Industrial_description/lib/python3.10/site-packages:${PYTHONPATH} /usr/bin/python3 -W ignore:setup.py install is deprecated setup.py egg_info --egg-base ../../build/Industrial_description build --build-base /home/tanmay/industrial_robot_ws/build/Industrial_description/build install --record /home/tanmay/industrial_robot_ws/build/Industrial_description/install.log --install-scripts $base/lib/Industrial_description --single-version-externally-managed install_data
