running egg_info
creating ../../build/Industrial_description/Industrial_description.egg-info
writing ../../build/Industrial_description/Industrial_description.egg-info/PKG-INFO
writing dependency_links to ../../build/Industrial_description/Industrial_description.egg-info/dependency_links.txt
writing entry points to ../../build/Industrial_description/Industrial_description.egg-info/entry_points.txt
writing requirements to ../../build/Industrial_description/Industrial_description.egg-info/requires.txt
writing top-level names to ../../build/Industrial_description/Industrial_description.egg-info/top_level.txt
writing manifest file '../../build/Industrial_description/Industrial_description.egg-info/SOURCES.txt'
reading manifest file '../../build/Industrial_description/Industrial_description.egg-info/SOURCES.txt'
writing manifest file '../../build/Industrial_description/Industrial_description.egg-info/SOURCES.txt'
running build
running build_py
creating /home/tanmay/industrial_robot_ws/build/Industrial_description/build
creating /home/tanmay/industrial_robot_ws/build/Industrial_description/build/lib
creating /home/tanmay/industrial_robot_ws/build/Industrial_description/build/lib/Industrial_description
copying Industrial_description/__init__.py -> /home/tanmay/industrial_robot_ws/build/Industrial_description/build/lib/Industrial_description
running install
running install_lib
creating /home/tanmay/industrial_robot_ws/install/Industrial_description/lib/python3.10/site-packages/Industrial_description
copying /home/tanmay/industrial_robot_ws/build/Industrial_description/build/lib/Industrial_description/__init__.py -> /home/tanmay/industrial_robot_ws/install/Industrial_description/lib/python3.10/site-packages/Industrial_description
byte-compiling /home/tanmay/industrial_robot_ws/install/Industrial_description/lib/python3.10/site-packages/Industrial_description/__init__.py to __init__.cpython-310.pyc
running install_data
creating /home/tanmay/industrial_robot_ws/install/Industrial_description/share/ament_index
creating /home/tanmay/industrial_robot_ws/install/Industrial_description/share/ament_index/resource_index
creating /home/tanmay/industrial_robot_ws/install/Industrial_description/share/ament_index/resource_index/packages
copying resource/Industrial_description -> /home/tanmay/industrial_robot_ws/install/Industrial_description/share/ament_index/resource_index/packages
copying package.xml -> /home/tanmay/industrial_robot_ws/install/Industrial_description/share/Industrial_description
creating /home/tanmay/industrial_robot_ws/install/Industrial_description/share/Industrial_description/launch
copying launch/gazebo.launch.py -> /home/tanmay/industrial_robot_ws/install/Industrial_description/share/Industrial_description/launch
copying launch/display.launch.py -> /home/tanmay/industrial_robot_ws/install/Industrial_description/share/Industrial_description/launch
creating /home/tanmay/industrial_robot_ws/install/Industrial_description/share/Industrial_description/urdf
copying urdf/Industrial.gazebo -> /home/tanmay/industrial_robot_ws/install/Industrial_description/share/Industrial_description/urdf
copying urdf/materials.xacro -> /home/tanmay/industrial_robot_ws/install/Industrial_description/share/Industrial_description/urdf
copying urdf/Industrial.xacro -> /home/tanmay/industrial_robot_ws/install/Industrial_description/share/Industrial_description/urdf
copying urdf/Industrial.trans -> /home/tanmay/industrial_robot_ws/install/Industrial_description/share/Industrial_description/urdf
creating /home/tanmay/industrial_robot_ws/install/Industrial_description/share/Industrial_description/meshes
copying meshes/Jaw_7_copy_1.stl -> /home/tanmay/industrial_robot_ws/install/Industrial_description/share/Industrial_description/meshes
copying meshes/Jaw_6_1.stl -> /home/tanmay/industrial_robot_ws/install/Industrial_description/share/Industrial_description/meshes
copying meshes/Jaw_5_1.stl -> /home/tanmay/industrial_robot_ws/install/Industrial_description/share/Industrial_description/meshes
copying meshes/Jaw_7_copy_2.stl -> /home/tanmay/industrial_robot_ws/install/Industrial_description/share/Industrial_description/meshes
copying meshes/base_link.stl -> /home/tanmay/industrial_robot_ws/install/Industrial_description/share/Industrial_description/meshes
copying meshes/Jaw_4_1.stl -> /home/tanmay/industrial_robot_ws/install/Industrial_description/share/Industrial_description/meshes
copying meshes/Jaw_2_1.stl -> /home/tanmay/industrial_robot_ws/install/Industrial_description/share/Industrial_description/meshes
copying meshes/Jaw_1_1.stl -> /home/tanmay/industrial_robot_ws/install/Industrial_description/share/Industrial_description/meshes
copying meshes/Jaw_3_1.stl -> /home/tanmay/industrial_robot_ws/install/Industrial_description/share/Industrial_description/meshes
creating /home/tanmay/industrial_robot_ws/install/Industrial_description/share/Industrial_description/config
copying config/display.rviz -> /home/tanmay/industrial_robot_ws/install/Industrial_description/share/Industrial_description/config
running install_egg_info
Copying ../../build/Industrial_description/Industrial_description.egg-info to /home/tanmay/industrial_robot_ws/install/Industrial_description/lib/python3.10/site-packages/Industrial_description-0.0.0-py3.10.egg-info
running install_scripts
writing list of installed files to '/home/tanmay/industrial_robot_ws/build/Industrial_description/install.log'
