[0.979s] Invoking command in '/home/tanmay/industrial_robot_ws/src/robot_control': PYTHONPATH=/home/tanmay/industrial_robot_ws/build/robot_control/prefix_override:/usr/lib/python3/dist-packages/colcon_core/task/python/colcon_distutils_commands:/home/tanmay/industrial_robot_ws/install/robot_control/lib/python3.10/site-packages:${PYTHONPATH} /usr/bin/python3 -W ignore:setup.py install is deprecated setup.py egg_info --egg-base ../../build/robot_control build --build-base /home/tanmay/industrial_robot_ws/build/robot_control/build install --record /home/tanmay/industrial_robot_ws/build/robot_control/install.log --single-version-externally-managed install_data
[1.245s] running egg_info
[1.246s] creating ../../build/robot_control/robot_control.egg-info
[1.246s] writing ../../build/robot_control/robot_control.egg-info/PKG-INFO
[1.247s] writing dependency_links to ../../build/robot_control/robot_control.egg-info/dependency_links.txt
[1.247s] writing entry points to ../../build/robot_control/robot_control.egg-info/entry_points.txt
[1.247s] writing requirements to ../../build/robot_control/robot_control.egg-info/requires.txt
[1.247s] writing top-level names to ../../build/robot_control/robot_control.egg-info/top_level.txt
[1.247s] writing manifest file '../../build/robot_control/robot_control.egg-info/SOURCES.txt'
[1.248s] reading manifest file '../../build/robot_control/robot_control.egg-info/SOURCES.txt'
[1.249s] writing manifest file '../../build/robot_control/robot_control.egg-info/SOURCES.txt'
[1.249s] running build
[1.249s] running build_py
[1.250s] creating /home/tanmay/industrial_robot_ws/build/robot_control/build
[1.250s] creating /home/tanmay/industrial_robot_ws/build/robot_control/build/lib
[1.250s] creating /home/tanmay/industrial_robot_ws/build/robot_control/build/lib/robot_control
[1.250s] copying robot_control/__init__.py -> /home/tanmay/industrial_robot_ws/build/robot_control/build/lib/robot_control
[1.250s] running install
[1.251s] running install_lib
[1.251s] creating /home/tanmay/industrial_robot_ws/install/robot_control/lib/python3.10/site-packages/robot_control
[1.252s] copying /home/tanmay/industrial_robot_ws/build/robot_control/build/lib/robot_control/__init__.py -> /home/tanmay/industrial_robot_ws/install/robot_control/lib/python3.10/site-packages/robot_control
[1.252s] byte-compiling /home/tanmay/industrial_robot_ws/install/robot_control/lib/python3.10/site-packages/robot_control/__init__.py to __init__.cpython-310.pyc
[1.252s] running install_data
[1.253s] creating /home/tanmay/industrial_robot_ws/install/robot_control/share/ament_index
[1.253s] creating /home/tanmay/industrial_robot_ws/install/robot_control/share/ament_index/resource_index
[1.253s] creating /home/tanmay/industrial_robot_ws/install/robot_control/share/ament_index/resource_index/packages
[1.253s] copying resource/robot_control -> /home/tanmay/industrial_robot_ws/install/robot_control/share/ament_index/resource_index/packages
[1.253s] copying package.xml -> /home/tanmay/industrial_robot_ws/install/robot_control/share/robot_control
[1.253s] running install_egg_info
[1.255s] Copying ../../build/robot_control/robot_control.egg-info to /home/tanmay/industrial_robot_ws/install/robot_control/lib/python3.10/site-packages/robot_control-0.0.0-py3.10.egg-info
[1.255s] running install_scripts
[1.280s] writing list of installed files to '/home/tanmay/industrial_robot_ws/build/robot_control/install.log'
[1.307s] Invoked command in '/home/tanmay/industrial_robot_ws/src/robot_control' returned '0': PYTHONPATH=/home/tanmay/industrial_robot_ws/build/robot_control/prefix_override:/usr/lib/python3/dist-packages/colcon_core/task/python/colcon_distutils_commands:/home/tanmay/industrial_robot_ws/install/robot_control/lib/python3.10/site-packages:${PYTHONPATH} /usr/bin/python3 -W ignore:setup.py install is deprecated setup.py egg_info --egg-base ../../build/robot_control build --build-base /home/tanmay/industrial_robot_ws/build/robot_control/build install --record /home/tanmay/industrial_robot_ws/build/robot_control/install.log --single-version-externally-managed install_data
