[0.576s] Invoking command in '/home/tanmay/industrial_robot_ws/src/robot_control': PYTHONPATH=/home/tanmay/industrial_robot_ws/build/robot_control/prefix_override:/usr/lib/python3/dist-packages/colcon_core/task/python/colcon_distutils_commands:/home/tanmay/industrial_robot_ws/install/robot_control/lib/python3.10/site-packages:${PYTHONPATH} /usr/bin/python3 -W ignore:setup.py install is deprecated setup.py egg_info --egg-base ../../build/robot_control build --build-base /home/tanmay/industrial_robot_ws/build/robot_control/build install --record /home/tanmay/industrial_robot_ws/build/robot_control/install.log --single-version-externally-managed install_data
[0.731s] running egg_info
[0.731s] writing ../../build/robot_control/robot_control.egg-info/PKG-INFO
[0.731s] writing dependency_links to ../../build/robot_control/robot_control.egg-info/dependency_links.txt
[0.731s] writing entry points to ../../build/robot_control/robot_control.egg-info/entry_points.txt
[0.731s] writing requirements to ../../build/robot_control/robot_control.egg-info/requires.txt
[0.731s] writing top-level names to ../../build/robot_control/robot_control.egg-info/top_level.txt
[0.732s] reading manifest file '../../build/robot_control/robot_control.egg-info/SOURCES.txt'
[0.733s] writing manifest file '../../build/robot_control/robot_control.egg-info/SOURCES.txt'
[0.733s] running build
[0.733s] running build_py
[0.733s] running install
[0.733s] running install_lib
[0.735s] running install_data
[0.735s] running install_egg_info
[0.736s] removing '/home/tanmay/industrial_robot_ws/install/robot_control/lib/python3.10/site-packages/robot_control-0.0.0-py3.10.egg-info' (and everything under it)
[0.736s] Copying ../../build/robot_control/robot_control.egg-info to /home/tanmay/industrial_robot_ws/install/robot_control/lib/python3.10/site-packages/robot_control-0.0.0-py3.10.egg-info
[0.736s] running install_scripts
[0.750s] writing list of installed files to '/home/tanmay/industrial_robot_ws/build/robot_control/install.log'
[0.778s] Invoked command in '/home/tanmay/industrial_robot_ws/src/robot_control' returned '0': PYTHONPATH=/home/tanmay/industrial_robot_ws/build/robot_control/prefix_override:/usr/lib/python3/dist-packages/colcon_core/task/python/colcon_distutils_commands:/home/tanmay/industrial_robot_ws/install/robot_control/lib/python3.10/site-packages:${PYTHONPATH} /usr/bin/python3 -W ignore:setup.py install is deprecated setup.py egg_info --egg-base ../../build/robot_control build --build-base /home/tanmay/industrial_robot_ws/build/robot_control/build install --record /home/tanmay/industrial_robot_ws/build/robot_control/install.log --single-version-externally-managed install_data
